<?xml version="1.0" encoding="UTF-8"?>
<testng-results skipped="0" failed="0" ignored="0" total="1" passed="1">
  <reporter-output>
  </reporter-output>
  <suite name="TestPackage.NewTest" duration-ms="11030" started-at="2018-03-16T00:10:47Z" finished-at="2018-03-16T00:10:58Z">
    <groups>
    </groups>
    <test name="Command line test" duration-ms="11030" started-at="2018-03-16T00:10:47Z" finished-at="2018-03-16T00:10:58Z">
      <class name="TestPackage.NewTest">
        <test-method status="PASS" signature="beforeTest()[pri:0, instance:TestPackage.NewTest@13fee20c]" name="beforeTest" is-config="true" duration-ms="7524" started-at="2018-03-16T00:10:47Z" finished-at="2018-03-16T00:10:55Z">
          <reporter-output>
          </reporter-output>
        </test-method> <!-- beforeTest -->
        <test-method status="PASS" signature="mavenTest()[pri:0, instance:TestPackage.NewTest@13fee20c]" name="mavenTest" duration-ms="2801" started-at="2018-03-16T00:10:55Z" finished-at="2018-03-16T00:10:58Z">
          <reporter-output>
          </reporter-output>
        </test-method> <!-- mavenTest -->
        <test-method status="PASS" signature="afterTest()[pri:0, instance:TestPackage.NewTest@13fee20c]" name="afterTest" is-config="true" duration-ms="655" started-at="2018-03-16T00:10:58Z" finished-at="2018-03-16T00:10:58Z">
          <reporter-output>
          </reporter-output>
        </test-method> <!-- afterTest -->
      </class> <!-- TestPackage.NewTest -->
    </test> <!-- Command line test -->
  </suite> <!-- TestPackage.NewTest -->
</testng-results>
